# JRE version: 6.0_34-b34
# Java VM: OpenJDK 64-Bit Server VM (23.25-b01 mixed mode linux-amd64 compressed oops)
Heap
 PSYoungGen      total 266112K, used 65954K [0x00000007ace00000, 0x00000007d3ba0000, 0x0000000800000000)
  eden space 255488K, 21% used [0x00000007ace00000,0x00000007b040f5e0,0x00000007bc780000)
  from space 10624K, 99% used [0x00000007bc780000,0x00000007bd1d95f0,0x00000007bd1e0000)
  to   space 62784K, 0% used [0x00000007cfe50000,0x00000007cfe50000,0x00000007d3ba0000)
 ParOldGen       total 170240K, used 89904K [0x0000000706a00000, 0x0000000711040000, 0x00000007ace00000)
  object space 170240K, 52% used [0x0000000706a00000,0x000000070c1cc010,0x0000000711040000)
 PSPermGen       total 21248K, used 5982K [0x00000006fc400000, 0x00000006fd8c0000, 0x0000000706a00000)
  object space 21248K, 28% used [0x00000006fc400000,0x00000006fc9d7910,0x00000006fd8c0000)
GC Heap History (10 events):
Event: 0.501 GC heap before
{Heap before GC invocations=1 (full 0):
 PSYoungGen      total 74496K, used 63872K [0x00000007ace00000, 0x00000007b2120000, 0x0000000800000000)
  eden space 63872K, 100% used [0x00000007ace00000,0x00000007b0c60000,0x00000007b0c60000)
  from space 10624K, 0% used [0x00000007b16c0000,0x00000007b16c0000,0x00000007b2120000)
  to   space 10624K, 0% used [0x00000007b0c60000,0x00000007b0c60000,0x00000007b16c0000)
 ParOldGen       total 170240K, used 0K [0x0000000706a00000, 0x0000000711040000, 0x00000007ace00000)
  object space 170240K, 0% used [0x0000000706a00000,0x0000000706a00000,0x0000000711040000)
 PSPermGen       total 21248K, used 4903K [0x00000006fc400000, 0x00000006fd8c0000, 0x0000000706a00000)
  object space 21248K, 23% used [0x00000006fc400000,0x00000006fc8c9c70,0x00000006fd8c0000)
Event: 0.513 GC heap after
Heap after GC invocations=1 (full 0):
 PSYoungGen      total 74496K, used 5968K [0x00000007ace00000, 0x00000007b5f80000, 0x0000000800000000)
  eden space 63872K, 0% used [0x00000007ace00000,0x00000007ace00000,0x00000007b0c60000)
  from space 10624K, 56% used [0x00000007b0c60000,0x00000007b1234020,0x00000007b16c0000)
  to   space 10624K, 0% used [0x00000007b5520000,0x00000007b5520000,0x00000007b5f80000)
 ParOldGen       total 170240K, used 8K [0x0000000706a00000, 0x0000000711040000, 0x00000007ace00000)
  object space 170240K, 0% used [0x0000000706a00000,0x0000000706a02000,0x0000000711040000)
 PSPermGen       total 21248K, used 4903K [0x00000006fc400000, 0x00000006fd8c0000, 0x0000000706a00000)
  object space 21248K, 23% used [0x00000006fc400000,0x00000006fc8c9c70,0x00000006fd8c0000)
}
Event: 0.525 GC heap before
{Heap before GC invocations=2 (full 0):
 PSYoungGen      total 74496K, used 69840K [0x00000007ace00000, 0x00000007b5f80000, 0x0000000800000000)
  eden space 63872K, 100% used [0x00000007ace00000,0x00000007b0c60000,0x00000007b0c60000)
  from space 10624K, 56% used [0x00000007b0c60000,0x00000007b1234020,0x00000007b16c0000)
  to   space 10624K, 0% used [0x00000007b5520000,0x00000007b5520000,0x00000007b5f80000)
 ParOldGen       total 170240K, used 8K [0x0000000706a00000, 0x0000000711040000, 0x00000007ace00000)
  object space 170240K, 0% used [0x0000000706a00000,0x0000000706a02000,0x0000000711040000)
 PSPermGen       total 21248K, used 4903K [0x00000006fc400000, 0x00000006fd8c0000, 0x0000000706a00000)
  object space 21248K, 23% used [0x00000006fc400000,0x00000006fc8c9c70,0x00000006fd8c0000)
Event: 0.677 GC heap after
Heap after GC invocations=2 (full 0):
 PSYoungGen      total 138368K, used 10592K [0x00000007ace00000, 0x00000007b5f80000, 0x0000000800000000)
  eden space 127744K, 0% used [0x00000007ace00000,0x00000007ace00000,0x00000007b4ac0000)
  from space 10624K, 99% used [0x00000007b5520000,0x00000007b5f78010,0x00000007b5f80000)
  to   space 10624K, 0% used [0x00000007b4ac0000,0x00000007b4ac0000,0x00000007b5520000)
 ParOldGen       total 170240K, used 58088K [0x0000000706a00000, 0x0000000711040000, 0x00000007ace00000)
  object space 170240K, 34% used [0x0000000706a00000,0x000000070a2ba000,0x0000000711040000)
 PSPermGen       total 21248K, used 4903K [0x00000006fc400000, 0x00000006fd8c0000, 0x0000000706a00000)
  object space 21248K, 23% used [0x00000006fc400000,0x00000006fc8c9c70,0x00000006fd8c0000)
}
Event: 1.744 GC heap before
{Heap before GC invocations=3 (full 0):
 PSYoungGen      total 138368K, used 138336K [0x00000007ace00000, 0x00000007b5f80000, 0x0000000800000000)
  eden space 127744K, 100% used [0x00000007ace00000,0x00000007b4ac0000,0x00000007b4ac0000)
  from space 10624K, 99% used [0x00000007b5520000,0x00000007b5f78010,0x00000007b5f80000)
  to   space 10624K, 0% used [0x00000007b4ac0000,0x00000007b4ac0000,0x00000007b5520000)
 ParOldGen       total 170240K, used 58088K [0x0000000706a00000, 0x0000000711040000, 0x00000007ace00000)
  object space 170240K, 34% used [0x0000000706a00000,0x000000070a2ba000,0x0000000711040000)
 PSPermGen       total 21248K, used 5202K [0x00000006fc400000, 0x00000006fd8c0000, 0x0000000706a00000)
  object space 21248K, 24% used [0x00000006fc400000,0x00000006fc914a88,0x00000006fd8c0000)
Event: 1.778 GC heap after
Heap after GC invocations=3 (full 0):
 PSYoungGen      total 138368K, used 10612K [0x00000007ace00000, 0x00000007bdc40000, 0x0000000800000000)
  eden space 127744K, 0% used [0x00000007ace00000,0x00000007ace00000,0x00000007b4ac0000)
  from space 10624K, 99% used [0x00000007b4ac0000,0x00000007b551d198,0x00000007b5520000)
  to   space 10624K, 0% used [0x00000007bd1e0000,0x00000007bd1e0000,0x00000007bdc40000)
 ParOldGen       total 170240K, used 74312K [0x0000000706a00000, 0x0000000711040000, 0x00000007ace00000)
  object space 170240K, 43% used [0x0000000706a00000,0x000000070b292000,0x0000000711040000)
 PSPermGen       total 21248K, used 5202K [0x00000006fc400000, 0x00000006fd8c0000, 0x0000000706a00000)
  object space 21248K, 24% used [0x00000006fc400000,0x00000006fc914a88,0x00000006fd8c0000)
}
Event: 2.746 GC heap before
{Heap before GC invocations=4 (full 0):
 PSYoungGen      total 138368K, used 138356K [0x00000007ace00000, 0x00000007bdc40000, 0x0000000800000000)
  eden space 127744K, 100% used [0x00000007ace00000,0x00000007b4ac0000,0x00000007b4ac0000)
  from space 10624K, 99% used [0x00000007b4ac0000,0x00000007b551d198,0x00000007b5520000)
  to   space 10624K, 0% used [0x00000007bd1e0000,0x00000007bd1e0000,0x00000007bdc40000)
 ParOldGen       total 170240K, used 74312K [0x0000000706a00000, 0x0000000711040000, 0x00000007ace00000)
  object space 170240K, 43% used [0x0000000706a00000,0x000000070b292000,0x0000000711040000)
 PSPermGen       total 21248K, used 5213K [0x00000006fc400000, 0x00000006fd8c0000, 0x0000000706a00000)
  object space 21248K, 24% used [0x00000006fc400000,0x00000006fc917610,0x00000006fd8c0000)
Event: 2.757 GC heap after
Heap after GC invocations=4 (full 0):
 PSYoungGen      total 266112K, used 10612K [0x00000007ace00000, 0x00000007bdc40000, 0x0000000800000000)
  eden space 255488K, 0% used [0x00000007ace00000,0x00000007ace00000,0x00000007bc780000)
  from space 10624K, 99% used [0x00000007bd1e0000,0x00000007bdc3d1a8,0x00000007bdc40000)
  to   space 10624K, 0% used [0x00000007bc780000,0x00000007bc780000,0x00000007bd1e0000)
 ParOldGen       total 170240K, used 78616K [0x0000000706a00000, 0x0000000711040000, 0x00000007ace00000)
  object space 170240K, 46% used [0x0000000706a00000,0x000000070b6c6010,0x0000000711040000)
 PSPermGen       total 21248K, used 5213K [0x00000006fc400000, 0x00000006fd8c0000, 0x0000000706a00000)
  object space 21248K, 24% used [0x00000006fc400000,0x00000006fc917610,0x00000006fd8c0000)
}
Event: 4.295 GC heap before
{Heap before GC invocations=5 (full 0):
 PSYoungGen      total 266112K, used 266100K [0x00000007ace00000, 0x00000007bdc40000, 0x0000000800000000)
  eden space 255488K, 100% used [0x00000007ace00000,0x00000007bc780000,0x00000007bc780000)
  from space 10624K, 99% used [0x00000007bd1e0000,0x00000007bdc3d1a8,0x00000007bdc40000)
  to   space 10624K, 0% used [0x00000007bc780000,0x00000007bc780000,0x00000007bd1e0000)
 ParOldGen       total 170240K, used 78616K [0x0000000706a00000, 0x0000000711040000, 0x00000007ace00000)
  object space 170240K, 46% used [0x0000000706a00000,0x000000070b6c6010,0x0000000711040000)
 PSPermGen       total 21248K, used 5221K [0x00000006fc400000, 0x00000006fd8c0000, 0x0000000706a00000)
  object space 21248K, 24% used [0x00000006fc400000,0x00000006fc9194b8,0x00000006fd8c0000)
Event: 4.322 GC heap after
Heap after GC invocations=5 (full 0):
 PSYoungGen      total 266112K, used 10597K [0x00000007ace00000, 0x00000007d3ba0000, 0x0000000800000000)
  eden space 255488K, 0% used [0x00000007ace00000,0x00000007ace00000,0x00000007bc780000)
  from space 10624K, 99% used [0x00000007bc780000,0x00000007bd1d95f0,0x00000007bd1e0000)
  to   space 62784K, 0% used [0x00000007cfe50000,0x00000007cfe50000,0x00000007d3ba0000)
 ParOldGen       total 170240K, used 89904K [0x0000000706a00000, 0x0000000711040000, 0x00000007ace00000)
  object space 170240K, 52% used [0x0000000706a00000,0x000000070c1cc010,0x0000000711040000)
 PSPermGen       total 21248K, used 5221K [0x00000006fc400000, 0x00000006fd8c0000, 0x0000000706a00000)
  object space 21248K, 24% used [0x00000006fc400000,0x00000006fc9194b8,0x00000006fd8c0000)
}

